{"code":"EADDRINUSE","errno":-4091,"syscall":"listen","address":"::","port":4000,"level":"error","message":"listen EADDRINUSE: address already in use :::4000 listen EADDRINUSE: address already in use :::4000","stack":"Error: listen EADDRINUSE: address already in use :::4000\n    at Server.setupListenHandle [as _listen2] (net.js:1320:16)\n    at listenInCluster (net.js:1368:12)\n    at Server.listen (net.js:1454:7)\n    at Function.listen (E:\\nodeProject\\vidly\\node_modules\\express\\lib\\application.js:618:24)\n    at Object.<anonymous> (E:\\nodeProject\\vidly\\index.js:47:5)\n    at Module._compile (internal/modules/cjs/loader.js:1085:14)\n    at Object.Module._extensions..js (internal/modules/cjs/loader.js:1114:10)\n    at Module.load (internal/modules/cjs/loader.js:950:32)\n    at Function.Module._load (internal/modules/cjs/loader.js:790:14)\n    at Function.executeUserEntryPoint [as runMain] (internal/modules/run_main.js:76:12)\n    at internal/main/run_main_module.js:17:47"}
{"level":"error","message":"dsad dsad","stack":"Error: dsad\n    at Object.<anonymous> (E:\\nodeProject\\vidly\\index.js:23:7)\n    at Module._compile (internal/modules/cjs/loader.js:1085:14)\n    at Object.Module._extensions..js (internal/modules/cjs/loader.js:1114:10)\n    at Module.load (internal/modules/cjs/loader.js:950:32)\n    at Function.Module._load (internal/modules/cjs/loader.js:790:14)\n    at Function.executeUserEntryPoint [as runMain] (internal/modules/run_main.js:76:12)\n    at internal/main/run_main_module.js:17:47"}
{"level":"error","message":"dsad dsad","stack":"Error: dsad\n    at Object.<anonymous> (E:\\nodeProject\\vidly\\index.js:23:7)\n    at Module._compile (internal/modules/cjs/loader.js:1085:14)\n    at Object.Module._extensions..js (internal/modules/cjs/loader.js:1114:10)\n    at Module.load (internal/modules/cjs/loader.js:950:32)\n    at Function.Module._load (internal/modules/cjs/loader.js:790:14)\n    at Function.executeUserEntryPoint [as runMain] (internal/modules/run_main.js:76:12)\n    at internal/main/run_main_module.js:17:47"}
{"code":"EADDRINUSE","errno":-4091,"syscall":"listen","address":"::","port":4000,"level":"error","message":"listen EADDRINUSE: address already in use :::4000 listen EADDRINUSE: address already in use :::4000","stack":"Error: listen EADDRINUSE: address already in use :::4000\n    at Server.setupListenHandle [as _listen2] (net.js:1320:16)\n    at listenInCluster (net.js:1368:12)\n    at Server.listen (net.js:1454:7)\n    at Function.listen (E:\\nodeProject\\vidly\\node_modules\\express\\lib\\application.js:618:24)\n    at Object.<anonymous> (E:\\nodeProject\\vidly\\index.js:47:5)\n    at Module._compile (internal/modules/cjs/loader.js:1085:14)\n    at Object.Module._extensions..js (internal/modules/cjs/loader.js:1114:10)\n    at Module.load (internal/modules/cjs/loader.js:950:32)\n    at Function.Module._load (internal/modules/cjs/loader.js:790:14)\n    at Function.executeUserEntryPoint [as runMain] (internal/modules/run_main.js:76:12)\n    at internal/main/run_main_module.js:17:47"}
{"code":"EADDRINUSE","errno":-4091,"syscall":"listen","address":"::","port":4000,"level":"error","message":"listen EADDRINUSE: address already in use :::4000 listen EADDRINUSE: address already in use :::4000","stack":"Error: listen EADDRINUSE: address already in use :::4000\n    at Server.setupListenHandle [as _listen2] (net.js:1320:16)\n    at listenInCluster (net.js:1368:12)\n    at Server.listen (net.js:1454:7)\n    at Function.listen (E:\\nodeProject\\vidly\\node_modules\\express\\lib\\application.js:618:24)\n    at Object.<anonymous> (E:\\nodeProject\\vidly\\index.js:55:5)\n    at Module._compile (internal/modules/cjs/loader.js:1085:14)\n    at Object.Module._extensions..js (internal/modules/cjs/loader.js:1114:10)\n    at Module.load (internal/modules/cjs/loader.js:950:32)\n    at Function.Module._load (internal/modules/cjs/loader.js:790:14)\n    at Function.executeUserEntryPoint [as runMain] (internal/modules/run_main.js:76:12)\n    at internal/main/run_main_module.js:17:47"}
{"code":"EADDRINUSE","errno":-4091,"syscall":"listen","address":"::","port":4000,"level":"error","message":"listen EADDRINUSE: address already in use :::4000 listen EADDRINUSE: address already in use :::4000","stack":"Error: listen EADDRINUSE: address already in use :::4000\n    at Server.setupListenHandle [as _listen2] (net.js:1320:16)\n    at listenInCluster (net.js:1368:12)\n    at Server.listen (net.js:1454:7)\n    at Function.listen (E:\\nodeProject\\vidly\\node_modules\\express\\lib\\application.js:618:24)\n    at Object.<anonymous> (E:\\nodeProject\\vidly\\index.js:54:5)\n    at Module._compile (internal/modules/cjs/loader.js:1085:14)\n    at Object.Module._extensions..js (internal/modules/cjs/loader.js:1114:10)\n    at Module.load (internal/modules/cjs/loader.js:950:32)\n    at Function.Module._load (internal/modules/cjs/loader.js:790:14)\n    at Function.executeUserEntryPoint [as runMain] (internal/modules/run_main.js:76:12)\n    at internal/main/run_main_module.js:17:47"}
{"code":"EADDRINUSE","errno":-4091,"syscall":"listen","address":"::","port":4000,"level":"error","message":"listen EADDRINUSE: address already in use :::4000 listen EADDRINUSE: address already in use :::4000","stack":"Error: listen EADDRINUSE: address already in use :::4000\n    at Server.setupListenHandle [as _listen2] (net.js:1320:16)\n    at listenInCluster (net.js:1368:12)\n    at Server.listen (net.js:1454:7)\n    at Function.listen (E:\\nodeProject\\vidly\\node_modules\\express\\lib\\application.js:618:24)\n    at Object.<anonymous> (E:\\nodeProject\\vidly\\index.js:54:5)\n    at Module._compile (internal/modules/cjs/loader.js:1085:14)\n    at Object.Module._extensions..js (internal/modules/cjs/loader.js:1114:10)\n    at Module.load (internal/modules/cjs/loader.js:950:32)\n    at Function.Module._load (internal/modules/cjs/loader.js:790:14)\n    at Function.executeUserEntryPoint [as runMain] (internal/modules/run_main.js:76:12)\n    at internal/main/run_main_module.js:17:47"}
{"code":"EADDRINUSE","errno":-4091,"syscall":"listen","address":"::","port":4000,"level":"error","message":"listen EADDRINUSE: address already in use :::4000 listen EADDRINUSE: address already in use :::4000","stack":"Error: listen EADDRINUSE: address already in use :::4000\n    at Server.setupListenHandle [as _listen2] (net.js:1320:16)\n    at listenInCluster (net.js:1368:12)\n    at Server.listen (net.js:1454:7)\n    at Function.listen (E:\\nodeProject\\vidly\\node_modules\\express\\lib\\application.js:618:24)\n    at Object.<anonymous> (E:\\nodeProject\\vidly\\index.js:54:5)\n    at Module._compile (internal/modules/cjs/loader.js:1085:14)\n    at Object.Module._extensions..js (internal/modules/cjs/loader.js:1114:10)\n    at Module.load (internal/modules/cjs/loader.js:950:32)\n    at Function.Module._load (internal/modules/cjs/loader.js:790:14)\n    at Function.executeUserEntryPoint [as runMain] (internal/modules/run_main.js:76:12)\n    at internal/main/run_main_module.js:17:47"}
{"code":"EADDRINUSE","errno":-4091,"syscall":"listen","address":"::","port":4000,"level":"error","message":"listen EADDRINUSE: address already in use :::4000 listen EADDRINUSE: address already in use :::4000","stack":"Error: listen EADDRINUSE: address already in use :::4000\n    at Server.setupListenHandle [as _listen2] (net.js:1320:16)\n    at listenInCluster (net.js:1368:12)\n    at Server.listen (net.js:1454:7)\n    at Function.listen (E:\\nodeProject\\vidly\\node_modules\\express\\lib\\application.js:618:24)\n    at Object.<anonymous> (E:\\nodeProject\\vidly\\index.js:54:5)\n    at Module._compile (internal/modules/cjs/loader.js:1085:14)\n    at Object.Module._extensions..js (internal/modules/cjs/loader.js:1114:10)\n    at Module.load (internal/modules/cjs/loader.js:950:32)\n    at Function.Module._load (internal/modules/cjs/loader.js:790:14)\n    at Function.executeUserEntryPoint [as runMain] (internal/modules/run_main.js:76:12)\n    at internal/main/run_main_module.js:17:47"}
{"code":"EADDRINUSE","errno":-4091,"syscall":"listen","address":"::","port":4000,"level":"error","message":"listen EADDRINUSE: address already in use :::4000 listen EADDRINUSE: address already in use :::4000","stack":"Error: listen EADDRINUSE: address already in use :::4000\n    at Server.setupListenHandle [as _listen2] (net.js:1320:16)\n    at listenInCluster (net.js:1368:12)\n    at Server.listen (net.js:1454:7)\n    at Function.listen (E:\\nodeProject\\vidly\\node_modules\\express\\lib\\application.js:618:24)\n    at Object.<anonymous> (E:\\nodeProject\\vidly\\index.js:53:5)\n    at Module._compile (internal/modules/cjs/loader.js:1085:14)\n    at Object.Module._extensions..js (internal/modules/cjs/loader.js:1114:10)\n    at Module.load (internal/modules/cjs/loader.js:950:32)\n    at Function.Module._load (internal/modules/cjs/loader.js:790:14)\n    at Function.executeUserEntryPoint [as runMain] (internal/modules/run_main.js:76:12)\n    at internal/main/run_main_module.js:17:47"}
{"code":"EADDRINUSE","errno":-4091,"syscall":"listen","address":"::","port":4000,"level":"error","message":"listen EADDRINUSE: address already in use :::4000 listen EADDRINUSE: address already in use :::4000","stack":"Error: listen EADDRINUSE: address already in use :::4000\n    at Server.setupListenHandle [as _listen2] (net.js:1320:16)\n    at listenInCluster (net.js:1368:12)\n    at Server.listen (net.js:1454:7)\n    at Function.listen (E:\\nodeProject\\vidly\\node_modules\\express\\lib\\application.js:618:24)\n    at Object.<anonymous> (E:\\nodeProject\\vidly\\index.js:53:5)\n    at Module._compile (internal/modules/cjs/loader.js:1085:14)\n    at Object.Module._extensions..js (internal/modules/cjs/loader.js:1114:10)\n    at Module.load (internal/modules/cjs/loader.js:950:32)\n    at Function.Module._load (internal/modules/cjs/loader.js:790:14)\n    at Function.executeUserEntryPoint [as runMain] (internal/modules/run_main.js:76:12)\n    at internal/main/run_main_module.js:17:47"}
{"code":"EADDRINUSE","errno":-4091,"syscall":"listen","address":"::","port":4000,"level":"error","message":"listen EADDRINUSE: address already in use :::4000 listen EADDRINUSE: address already in use :::4000","stack":"Error: listen EADDRINUSE: address already in use :::4000\n    at Server.setupListenHandle [as _listen2] (net.js:1320:16)\n    at listenInCluster (net.js:1368:12)\n    at Server.listen (net.js:1454:7)\n    at Function.listen (E:\\nodeProject\\vidly\\node_modules\\express\\lib\\application.js:618:24)\n    at Object.<anonymous> (E:\\nodeProject\\vidly\\index.js:36:5)\n    at Module._compile (internal/modules/cjs/loader.js:1085:14)\n    at Object.Module._extensions..js (internal/modules/cjs/loader.js:1114:10)\n    at Module.load (internal/modules/cjs/loader.js:950:32)\n    at Function.Module._load (internal/modules/cjs/loader.js:790:14)\n    at Function.executeUserEntryPoint [as runMain] (internal/modules/run_main.js:76:12)\n    at internal/main/run_main_module.js:17:47"}
{"code":"EADDRINUSE","errno":-4091,"syscall":"listen","address":"::","port":4000,"level":"error","message":"listen EADDRINUSE: address already in use :::4000 listen EADDRINUSE: address already in use :::4000","stack":"Error: listen EADDRINUSE: address already in use :::4000\n    at Server.setupListenHandle [as _listen2] (net.js:1320:16)\n    at listenInCluster (net.js:1368:12)\n    at Server.listen (net.js:1454:7)\n    at Function.listen (E:\\nodeProject\\vidly\\node_modules\\express\\lib\\application.js:618:24)\n    at Object.<anonymous> (E:\\nodeProject\\vidly\\index.js:36:5)\n    at Module._compile (internal/modules/cjs/loader.js:1085:14)\n    at Object.Module._extensions..js (internal/modules/cjs/loader.js:1114:10)\n    at Module.load (internal/modules/cjs/loader.js:950:32)\n    at Function.Module._load (internal/modules/cjs/loader.js:790:14)\n    at Function.executeUserEntryPoint [as runMain] (internal/modules/run_main.js:76:12)\n    at internal/main/run_main_module.js:17:47"}
{"code":"EADDRINUSE","errno":-4091,"syscall":"listen","address":"::","port":4000,"level":"error","message":"listen EADDRINUSE: address already in use :::4000 listen EADDRINUSE: address already in use :::4000","stack":"Error: listen EADDRINUSE: address already in use :::4000\n    at Server.setupListenHandle [as _listen2] (net.js:1320:16)\n    at listenInCluster (net.js:1368:12)\n    at Server.listen (net.js:1454:7)\n    at Function.listen (E:\\nodeProject\\vidly\\node_modules\\express\\lib\\application.js:618:24)\n    at Object.<anonymous> (E:\\nodeProject\\vidly\\index.js:36:5)\n    at Module._compile (internal/modules/cjs/loader.js:1085:14)\n    at Object.Module._extensions..js (internal/modules/cjs/loader.js:1114:10)\n    at Module.load (internal/modules/cjs/loader.js:950:32)\n    at Function.Module._load (internal/modules/cjs/loader.js:790:14)\n    at Function.executeUserEntryPoint [as runMain] (internal/modules/run_main.js:76:12)\n    at internal/main/run_main_module.js:17:47"}
{"message":"Connected to MongoDB...","level":"info"}
{"code":"EADDRINUSE","errno":-4091,"syscall":"listen","address":"::","port":4000,"level":"error","message":"listen EADDRINUSE: address already in use :::4000 listen EADDRINUSE: address already in use :::4000","stack":"Error: listen EADDRINUSE: address already in use :::4000\n    at Server.setupListenHandle [as _listen2] (net.js:1320:16)\n    at listenInCluster (net.js:1368:12)\n    at Server.listen (net.js:1454:7)\n    at Function.listen (E:\\nodeProject\\vidly\\node_modules\\express\\lib\\application.js:618:24)\n    at Object.<anonymous> (E:\\nodeProject\\vidly\\index.js:32:5)\n    at Module._compile (internal/modules/cjs/loader.js:1085:14)\n    at Object.Module._extensions..js (internal/modules/cjs/loader.js:1114:10)\n    at Module.load (internal/modules/cjs/loader.js:950:32)\n    at Function.Module._load (internal/modules/cjs/loader.js:790:14)\n    at Function.executeUserEntryPoint [as runMain] (internal/modules/run_main.js:76:12)\n    at internal/main/run_main_module.js:17:47"}
{"message":"Connected to MongoDB...","level":"info"}
{"code":"EADDRINUSE","errno":-4091,"syscall":"listen","address":"::","port":4000,"level":"error","message":"listen EADDRINUSE: address already in use :::4000 listen EADDRINUSE: address already in use :::4000","stack":"Error: listen EADDRINUSE: address already in use :::4000\n    at Server.setupListenHandle [as _listen2] (net.js:1320:16)\n    at listenInCluster (net.js:1368:12)\n    at Server.listen (net.js:1454:7)\n    at Function.listen (E:\\nodeProject\\vidly\\node_modules\\express\\lib\\application.js:618:24)\n    at Object.<anonymous> (E:\\nodeProject\\vidly\\index.js:31:5)\n    at Module._compile (internal/modules/cjs/loader.js:1085:14)\n    at Object.Module._extensions..js (internal/modules/cjs/loader.js:1114:10)\n    at Module.load (internal/modules/cjs/loader.js:950:32)\n    at Function.Module._load (internal/modules/cjs/loader.js:790:14)\n    at Function.executeUserEntryPoint [as runMain] (internal/modules/run_main.js:76:12)\n    at internal/main/run_main_module.js:17:47"}
{"message":"Connected to MongoDB...","level":"info"}
{"code":"EADDRINUSE","errno":-4091,"syscall":"listen","address":"::","port":4000,"level":"error","message":"listen EADDRINUSE: address already in use :::4000 listen EADDRINUSE: address already in use :::4000","stack":"Error: listen EADDRINUSE: address already in use :::4000\n    at Server.setupListenHandle [as _listen2] (net.js:1320:16)\n    at listenInCluster (net.js:1368:12)\n    at Server.listen (net.js:1454:7)\n    at Function.listen (E:\\nodeProject\\vidly\\node_modules\\express\\lib\\application.js:618:24)\n    at Object.<anonymous> (E:\\nodeProject\\vidly\\index.js:31:5)\n    at Module._compile (internal/modules/cjs/loader.js:1085:14)\n    at Object.Module._extensions..js (internal/modules/cjs/loader.js:1114:10)\n    at Module.load (internal/modules/cjs/loader.js:950:32)\n    at Function.Module._load (internal/modules/cjs/loader.js:790:14)\n    at Function.executeUserEntryPoint [as runMain] (internal/modules/run_main.js:76:12)\n    at internal/main/run_main_module.js:17:47"}
{"message":"Connected to MongoDB...","level":"info"}
{"code":"EADDRINUSE","errno":-4091,"syscall":"listen","address":"::","port":4000,"level":"error","message":"listen EADDRINUSE: address already in use :::4000 listen EADDRINUSE: address already in use :::4000","stack":"Error: listen EADDRINUSE: address already in use :::4000\n    at Server.setupListenHandle [as _listen2] (net.js:1320:16)\n    at listenInCluster (net.js:1368:12)\n    at Server.listen (net.js:1454:7)\n    at Function.listen (E:\\nodeProject\\vidly\\node_modules\\express\\lib\\application.js:618:24)\n    at Object.<anonymous> (E:\\nodeProject\\vidly\\index.js:20:5)\n    at Module._compile (internal/modules/cjs/loader.js:1085:14)\n    at Object.Module._extensions..js (internal/modules/cjs/loader.js:1114:10)\n    at Module.load (internal/modules/cjs/loader.js:950:32)\n    at Function.Module._load (internal/modules/cjs/loader.js:790:14)\n    at Function.executeUserEntryPoint [as runMain] (internal/modules/run_main.js:76:12)\n    at internal/main/run_main_module.js:17:47"}
{"code":"EADDRINUSE","errno":-4091,"syscall":"listen","address":"::","port":4000,"level":"error","message":"listen EADDRINUSE: address already in use :::4000 listen EADDRINUSE: address already in use :::4000","stack":"Error: listen EADDRINUSE: address already in use :::4000\n    at Server.setupListenHandle [as _listen2] (net.js:1320:16)\n    at listenInCluster (net.js:1368:12)\n    at Server.listen (net.js:1454:7)\n    at Function.listen (E:\\nodeProject\\vidly\\node_modules\\express\\lib\\application.js:618:24)\n    at Object.<anonymous> (E:\\nodeProject\\vidly\\index.js:20:5)\n    at Module._compile (internal/modules/cjs/loader.js:1085:14)\n    at Object.Module._extensions..js (internal/modules/cjs/loader.js:1114:10)\n    at Module.load (internal/modules/cjs/loader.js:950:32)\n    at Function.Module._load (internal/modules/cjs/loader.js:790:14)\n    at Function.executeUserEntryPoint [as runMain] (internal/modules/run_main.js:76:12)\n    at internal/main/run_main_module.js:17:47"}
{"message":"Connected to MongoDB...","level":"info"}
{"code":"EADDRINUSE","errno":-4091,"syscall":"listen","address":"::","port":4000,"level":"error","message":"listen EADDRINUSE: address already in use :::4000 listen EADDRINUSE: address already in use :::4000","stack":"Error: listen EADDRINUSE: address already in use :::4000\n    at Server.setupListenHandle [as _listen2] (net.js:1320:16)\n    at listenInCluster (net.js:1368:12)\n    at Server.listen (net.js:1454:7)\n    at Function.listen (E:\\nodeProject\\vidly\\node_modules\\express\\lib\\application.js:618:24)\n    at Object.<anonymous> (E:\\nodeProject\\vidly\\index.js:12:5)\n    at Module._compile (internal/modules/cjs/loader.js:1085:14)\n    at Object.Module._extensions..js (internal/modules/cjs/loader.js:1114:10)\n    at Module.load (internal/modules/cjs/loader.js:950:32)\n    at Function.Module._load (internal/modules/cjs/loader.js:790:14)\n    at Function.executeUserEntryPoint [as runMain] (internal/modules/run_main.js:76:12)\n    at internal/main/run_main_module.js:17:47"}
{"message":"Listening on port 4000...","level":"info"}
{"message":"Connected to mongodb://localhost/vidly...","level":"info"}
{"message":"Connected to mongodb://localhost/vidly...","level":"info"}
{"message":"Listening on port 4000...","level":"info"}
{"message":"Connected to mongodb://localhost/vidly...","level":"info"}
{"message":"Listening on port 4000...","level":"info"}
{"message":"Connected to mongodb://localhost/vidly...","level":"info"}
{"message":"Listening on port 4000...","level":"info"}
{"message":"Connected to mongodb://localhost/vidly...","level":"info"}
{"message":"Listening on port 4000...","level":"info"}
{"message":"Connected to mongodb://localhost/vidly_tests...","level":"info"}
{"message":"Listening on port 4000...","level":"info"}
{"message":"Connected to mongodb://localhost/vidly_tests...","level":"info"}
{"message":"Listening on port 4000...","level":"info"}
{"message":"Connected to mongodb://localhost/vidly_tests...","level":"info"}
{"message":"Listening on port 4000...","level":"info"}
{"message":"Connected to mongodb://localhost/vidly...","level":"info"}
{"message":"Listening on port 4000...","level":"info"}
{"message":"Connected to mongodb://localhost/vidly_tests...","level":"info"}
{"message":"Listening on port 4000...","level":"info"}
{"message":"Connected to mongodb://localhost/vidly_tests...","level":"info"}
{"message":"Listening on port 4000...","level":"info"}
{"message":"Connected to mongodb://localhost/vidly_tests...","level":"info"}
{"message":"Listening on port 4000...","level":"info"}
{"message":"Connected to mongodb://localhost/vidly_tests...","level":"info"}
{"message":"Listening on port 4000...","level":"info"}
{"message":"Connected to mongodb://localhost/vidly...","level":"info"}
{"message":"Listening on port 4000...","level":"info"}
{"message":"Connected to mongodb://localhost/vidly_tests...","level":"info"}
{"message":"Listening on port 4000...","level":"info"}
{"message":"Connected to mongodb://localhost/vidly_tests...","level":"info"}
{"message":"Listening on port 4000...","level":"info"}
{"message":"Connected to mongodb://localhost/vidly_tests...","level":"info"}
{"message":"Listening on port 4000...","level":"info"}
{"message":"Connected to mongodb://localhost/vidly_tests...","level":"info"}
{"message":"Listening on port 4000...","level":"info"}
{"message":"Connected to mongodb://localhost/vidly_tests...","level":"info"}
{"message":"Listening on port 4000...","level":"info"}
{"message":"Connected to mongodb://localhost/vidly_tests...","level":"info"}
{"message":"Listening on port 4000...","level":"info"}
{"message":"Connected to mongodb://localhost/vidly...","level":"info"}
{"message":"Listening on port 4000...","level":"info"}
{"message":"Connected to mongodb://localhost/vidly...","level":"info"}
{"message":"Listening on port 4000...","level":"info"}
{"message":"Connected to mongodb://localhost/vidly...","level":"info"}
{"message":"Listening on port 4000...","level":"info"}
{"message":"Connected to mongodb://localhost/vidly...","level":"info"}
{"message":"Listening on port 4000...","level":"info"}
{"message":"Connected to mongodb://localhost/vidly...","level":"info"}
{"message":"Listening on port 4000...","level":"info"}
{"message":"Connected to mongodb://localhost/vidly...","level":"info"}
{"message":"Listening on port 4000...","level":"info"}
{"message":"Connected to mongodb://localhost/vidly...","level":"info"}
{"message":"Listening on port 4000...","level":"info"}
{"message":"Connected to mongodb://localhost/vidly...","level":"info"}
{"message":"Listening on port 4000...","level":"info"}
{"message":"Connected to mongodb://localhost/vidly...","level":"info"}
{"message":"Listening on port 4000...","level":"info"}
{"message":"Connected to mongodb://localhost/vidly...","level":"info"}
{"message":"Listening on port 4000...","level":"info"}
{"message":"Connected to mongodb://localhost/vidly...","level":"info"}
{"message":"Listening on port 4000...","level":"info"}
{"message":"Connected to mongodb://localhost/vidly...","level":"info"}
{"message":"Listening on port 4000...","level":"info"}
{"message":"Connected to mongodb://localhost/vidly...","level":"info"}
{"message":"Listening on port 4000...","level":"info"}
{"message":"Connected to mongodb://localhost/vidly...","level":"info"}
{"level":"error","message":"Cannot parse config file: 'E:\\nodeProject\\vidly\\config\\custom-environment-variables.json': SyntaxError: Unexpected end of JSON input Cannot parse config file: 'E:\\nodeProject\\vidly\\config\\custom-environment-variables.json': SyntaxError: Unexpected end of JSON input","stack":"Error: Cannot parse config file: 'E:\\nodeProject\\vidly\\config\\custom-environment-variables.json': SyntaxError: Unexpected end of JSON input\n    at Config.util.parseFile (E:\\nodeProject\\vidly\\node_modules\\config\\lib\\config.js:844:11)\n    at E:\\nodeProject\\vidly\\node_modules\\config\\lib\\config.js:1134:26\n    at Array.forEach (<anonymous>)\n    at Config.util.getCustomEnvVars (E:\\nodeProject\\vidly\\node_modules\\config\\lib\\config.js:1133:16)\n    at Config.util.loadFileConfigs (E:\\nodeProject\\vidly\\node_modules\\config\\lib\\config.js:693:28)\n    at new Config (E:\\nodeProject\\vidly\\node_modules\\config\\lib\\config.js:116:27)\n    at Object.<anonymous> (E:\\nodeProject\\vidly\\node_modules\\config\\lib\\config.js:1492:31)\n    at Module._compile (internal/modules/cjs/loader.js:1085:14)\n    at Object.Module._extensions..js (internal/modules/cjs/loader.js:1114:10)\n    at Module.load (internal/modules/cjs/loader.js:950:32)\n    at Function.Module._load (internal/modules/cjs/loader.js:790:14)\n    at Module.require (internal/modules/cjs/loader.js:974:19)\n    at require (internal/modules/cjs/helpers.js:92:18)\n    at Object.<anonymous> (E:\\nodeProject\\vidly\\middleware\\auth.js:2:16)\n    at Module._compile (internal/modules/cjs/loader.js:1085:14)\n    at Object.Module._extensions..js (internal/modules/cjs/loader.js:1114:10)"}
{"level":"error","message":"FATAL ERROR: jwtPrivateKey is not defined FATAL ERROR: jwtPrivateKey is not defined","stack":"Error: FATAL ERROR: jwtPrivateKey is not defined\n    at module.exports (E:\\nodeProject\\vidly\\startup\\config.js:8:15)\n    at Object.<anonymous> (E:\\nodeProject\\vidly\\index.js:7:28)\n    at Module._compile (internal/modules/cjs/loader.js:1085:14)\n    at Object.Module._extensions..js (internal/modules/cjs/loader.js:1114:10)\n    at Module.load (internal/modules/cjs/loader.js:950:32)\n    at Function.Module._load (internal/modules/cjs/loader.js:790:14)\n    at Function.executeUserEntryPoint [as runMain] (internal/modules/run_main.js:76:12)\n    at internal/main/run_main_module.js:17:47"}
{"message":"Connected to mongodb://localhost/vidly...","level":"info"}
{"level":"error","message":"FATAL ERROR: jwtPrivateKey is not defined FATAL ERROR: jwtPrivateKey is not defined","stack":"Error: FATAL ERROR: jwtPrivateKey is not defined\n    at module.exports (E:\\nodeProject\\vidly\\startup\\config.js:8:15)\n    at Object.<anonymous> (E:\\nodeProject\\vidly\\index.js:7:28)\n    at Module._compile (internal/modules/cjs/loader.js:1085:14)\n    at Object.Module._extensions..js (internal/modules/cjs/loader.js:1114:10)\n    at Module.load (internal/modules/cjs/loader.js:950:32)\n    at Function.Module._load (internal/modules/cjs/loader.js:790:14)\n    at Function.executeUserEntryPoint [as runMain] (internal/modules/run_main.js:76:12)\n    at internal/main/run_main_module.js:17:47"}
{"message":"Connected to mongodb://localhost/vidly...","level":"info"}
{"message":"Listening on port 4000...","level":"info"}
{"message":"Connected to mongodb://localhost/vidly...","level":"info"}
{"message":"Listening on port 4000...","level":"info"}
{"message":"Connected to mongodb://localhost/vidly...","level":"info"}
{"level":"error","message":"FATAL ERROR: jwtPrivateKey is not defined FATAL ERROR: jwtPrivateKey is not defined","stack":"Error: FATAL ERROR: jwtPrivateKey is not defined\n    at module.exports (E:\\nodeProject\\vidly\\startup\\config.js:8:15)\n    at Object.<anonymous> (E:\\nodeProject\\vidly\\index.js:7:28)\n    at Module._compile (internal/modules/cjs/loader.js:1085:14)\n    at Object.Module._extensions..js (internal/modules/cjs/loader.js:1114:10)\n    at Module.load (internal/modules/cjs/loader.js:950:32)\n    at Function.Module._load (internal/modules/cjs/loader.js:790:14)\n    at Function.executeUserEntryPoint [as runMain] (internal/modules/run_main.js:76:12)\n    at internal/main/run_main_module.js:17:47"}
{"message":"Connected to mongodb://localhost/vidly...","level":"info"}
{"message":"Listening on port 4000...","level":"info"}
{"message":"Connected to mongodb://localhost/vidly...","level":"info"}
{"message":"Listening on port 4000...","level":"info"}
{"message":"Connected to mongodb://localhost/vidly...","level":"info"}
{"message":"Listening on port 4000...","level":"info"}
{"message":"Connected to mongodb://localhost/vidly...","level":"info"}
{"message":"Listening on port 4000...","level":"info"}
{"message":"Connected to mongodb://localhost/vidly...","level":"info"}
{"message":"Listening on port 4000...","level":"info"}
{"message":"Connected to mongodb://localhost/vidly...","level":"info"}
